<?xml version="1.0" encoding="UTF-8"?>
<!-- Generated by org.testng.reporters.JUnitReportReporter -->
<testsuite hostname="Shiva-PC" failures="0" tests="1" name="testcases.TestCase_9" time="23.581" errors="0" timestamp="2025-08-09T16:50:27 IST" skipped="0">
  <testcase classname="testcases.TestCase_9" name="verifySearchProduct" time="23.581"/>
</testsuite> <!-- testcases.TestCase_9 -->
