<?xml version="1.0" encoding="UTF-8"?>
<!-- Generated by org.testng.reporters.JUnitReportReporter -->
<testsuite hostname="Shiva-PC" failures="0" tests="1" name="testcases.TestCase_5" time="10.548" errors="0" timestamp="2025-08-07T12:22:11 IST" skipped="0">
  <testcase classname="testcases.TestCase_5" name="verifyRegisterUserWithExistingEmail" time="10.548"/>
</testsuite> <!-- testcases.TestCase_5 -->
