<?xml version="1.0" encoding="UTF-8"?>
<!-- Generated by org.testng.reporters.JUnitReportReporter -->
<testsuite hostname="Shiva-PC" failures="0" tests="1" name="testcases.TestCase_10" time="12.315" errors="0" timestamp="2025-08-09T17:32:49 IST" skipped="0">
  <testcase classname="testcases.TestCase_10" name="verifySubscriptionInHomepage" time="12.315"/>
</testsuite> <!-- testcases.TestCase_10 -->
