<?xml version="1.0" encoding="UTF-8"?>
<!-- Generated by org.testng.reporters.JUnitReportReporter -->
<testsuite hostname="Shiva-PC" failures="0" tests="1" name="testcases.TestCase_01" time="20.895" errors="0" timestamp="2025-08-07T11:49:07 IST" skipped="0">
  <testcase classname="testcases.TestCase_01" name="registerUser" time="20.895"/>
</testsuite> <!-- testcases.TestCase_01 -->
