<?xml version="1.0" encoding="UTF-8"?>
<!-- Generated by org.testng.reporters.JUnitReportReporter -->
<testsuite hostname="Shiva-PC" failures="0" tests="1" name="tests.auth.LogoutTests" time="13.270" errors="0" timestamp="2025-08-07T12:02:14 IST" skipped="0">
  <testcase classname="tests.auth.LogoutTests" name="verifyLogout" time="13.270"/>
</testsuite> <!-- tests.auth.LogoutTests -->
