<?xml version="1.0" encoding="UTF-8"?>
<!-- Generated by org.testng.reporters.JUnitReportReporter -->
<testsuite hostname="Shiva-PC" failures="0" tests="1" name="tests.auth.RegisterTests" time="20.901" errors="0" timestamp="2025-08-06T14:26:44 IST" skipped="0">
  <testcase classname="tests.auth.RegisterTests" name="registerUser" time="20.901"/>
</testsuite> <!-- tests.auth.RegisterTests -->
