<?xml version="1.0" encoding="UTF-8"?>
<!-- Generated by org.testng.reporters.JUnitReportReporter -->
<testsuite hostname="Shiva-PC" failures="0" tests="1" name="testcases.TestCase_7" time="18.168" errors="0" timestamp="2025-08-07T14:38:33 IST" skipped="0">
  <testcase classname="testcases.TestCase_7" name="verifyTestCasePage" time="18.168"/>
</testsuite> <!-- testcases.TestCase_7 -->
