<?xml version="1.0" encoding="UTF-8"?>
<!-- Generated by org.testng.reporters.JUnitReportReporter -->
<testsuite hostname="Shiva-PC" failures="0" tests="1" name="testcases.TestCase_6" time="34.767" errors="0" timestamp="2025-08-07T13:43:12 IST" skipped="0">
  <testcase classname="testcases.TestCase_6" name="verifyRegisterUserWithExistingEmail" time="34.767"/>
</testsuite> <!-- testcases.TestCase_6 -->
